# JRE version: Java(TM) SE Runtime Environment (8.0_181-b13) (build 1.8.0_181-b13)
# Java VM: Dynamic Code Evolution Server VM (25.71-b01-dcevmlight-30 mixed mode windows-x86 )
Heap:
 def new generation   total 31616K, used 23841K [0x12000000, 0x14240000, 0x20950000)
  eden space 28160K,  78% used [0x12000000, 0x1359b4e8, 0x13b80000)
  from space 3456K,  49% used [0x13ee0000, 0x1408cf80, 0x14240000)
  to   space 3456K,   0% used [0x13b80000, 0x13b80000, 0x13ee0000)
 tenured generation   total 70116K, used 52022K [0x20950000, 0x24dc9000, 0x3dc00000)
   the space 70116K,  74% used [0x20950000, 0x23c1d8d0, 0x23c1da00, 0x24dc9000)
 Metaspace       used 58264K, capacity 60500K, committed 60544K, reserved 60800K
GC Heap History (10 events):
Event: 481.459 GC heap before
{Heap before GC invocations=293 (full 4):
 def new generation   total 31616K, used 29506K [0x12000000, 0x14240000, 0x20950000)
  eden space 28160K, 100% used [0x12000000, 0x13b80000, 0x13b80000)
  from space 3456K,  38% used [0x13b80000, 0x13cd08b8, 0x13ee0000)
  to   space 3456K,   0% used [0x13ee0000, 0x13ee0000, 0x14240000)
 tenured generation   total 70116K, used 52011K [0x20950000, 0x24dc9000, 0x3dc00000)
   the space 70116K,  74% used [0x20950000, 0x23c1ae50, 0x23c1b000, 0x24dc9000)
 Metaspace       used 57966K, capacity 60144K, committed 60160K, reserved 60800K
Event: 481.472 GC heap after
Heap after GC invocations=294 (full 4):
 def new generation   total 31616K, used 1377K [0x12000000, 0x14240000, 0x20950000)
  eden space 28160K,   0% used [0x12000000, 0x12000000, 0x13b80000)
  from space 3456K,  39% used [0x13ee0000, 0x140386e8, 0x14240000)
  to   space 3456K,   0% used [0x13b80000, 0x13b80000, 0x13ee0000)
 tenured generation   total 70116K, used 52011K [0x20950000, 0x24dc9000, 0x3dc00000)
   the space 70116K,  74% used [0x20950000, 0x23c1ae50, 0x23c1b000, 0x24dc9000)
 Metaspace       used 57966K, capacity 60144K, committed 60160K, reserved 60800K
}
Event: 482.247 GC heap before
{Heap before GC invocations=294 (full 4):
 def new generation   total 31616K, used 29537K [0x12000000, 0x14240000, 0x20950000)
  eden space 28160K, 100% used [0x12000000, 0x13b80000, 0x13b80000)
  from space 3456K,  39% used [0x13ee0000, 0x140386e8, 0x14240000)
  to   space 3456K,   0% used [0x13b80000, 0x13b80000, 0x13ee0000)
 tenured generation   total 70116K, used 52011K [0x20950000, 0x24dc9000, 0x3dc00000)
   the space 70116K,  74% used [0x20950000, 0x23c1ae50, 0x23c1b000, 0x24dc9000)
 Metaspace       used 57966K, capacity 60144K, committed 60160K, reserved 60800K
Event: 482.259 GC heap after
Heap after GC invocations=295 (full 4):
 def new generation   total 31616K, used 1342K [0x12000000, 0x14240000, 0x20950000)
  eden space 28160K,   0% used [0x12000000, 0x12000000, 0x13b80000)
  from space 3456K,  38% used [0x13b80000, 0x13ccfa30, 0x13ee0000)
  to   space 3456K,   0% used [0x13ee0000, 0x13ee0000, 0x14240000)
 tenured generation   total 70116K, used 52019K [0x20950000, 0x24dc9000, 0x3dc00000)
   the space 70116K,  74% used [0x20950000, 0x23c1cc88, 0x23c1ce00, 0x24dc9000)
 Metaspace       used 57966K, capacity 60144K, committed 60160K, reserved 60800K
}
Event: 484.085 GC heap before
{Heap before GC invocations=295 (full 4):
 def new generation   total 31616K, used 29502K [0x12000000, 0x14240000, 0x20950000)
  eden space 28160K, 100% used [0x12000000, 0x13b80000, 0x13b80000)
  from space 3456K,  38% used [0x13b80000, 0x13ccfa30, 0x13ee0000)
  to   space 3456K,   0% used [0x13ee0000, 0x13ee0000, 0x14240000)
 tenured generation   total 70116K, used 52019K [0x20950000, 0x24dc9000, 0x3dc00000)
   the space 70116K,  74% used [0x20950000, 0x23c1cc88, 0x23c1ce00, 0x24dc9000)
 Metaspace       used 57968K, capacity 60144K, committed 60160K, reserved 60800K
Event: 484.101 GC heap after
Heap after GC invocations=296 (full 4):
 def new generation   total 31616K, used 1239K [0x12000000, 0x14240000, 0x20950000)
  eden space 28160K,   0% used [0x12000000, 0x12000000, 0x13b80000)
  from space 3456K,  35% used [0x13ee0000, 0x14015e10, 0x14240000)
  to   space 3456K,   0% used [0x13b80000, 0x13b80000, 0x13ee0000)
 tenured generation   total 70116K, used 52021K [0x20950000, 0x24dc9000, 0x3dc00000)
   the space 70116K,  74% used [0x20950000, 0x23c1d5c8, 0x23c1d600, 0x24dc9000)
 Metaspace       used 57968K, capacity 60144K, committed 60160K, reserved 60800K
}
Event: 484.346 GC heap before
{Heap before GC invocations=296 (full 4):
 def new generation   total 31616K, used 29399K [0x12000000, 0x14240000, 0x20950000)
  eden space 28160K, 100% used [0x12000000, 0x13b80000, 0x13b80000)
  from space 3456K,  35% used [0x13ee0000, 0x14015e10, 0x14240000)
  to   space 3456K,   0% used [0x13b80000, 0x13b80000, 0x13ee0000)
 tenured generation   total 70116K, used 52021K [0x20950000, 0x24dc9000, 0x3dc00000)
   the space 70116K,  74% used [0x20950000, 0x23c1d5c8, 0x23c1d600, 0x24dc9000)
 Metaspace       used 57968K, capacity 60144K, committed 60160K, reserved 60800K
Event: 484.360 GC heap after
Heap after GC invocations=297 (full 4):
 def new generation   total 31616K, used 1432K [0x12000000, 0x14240000, 0x20950000)
  eden space 28160K,   0% used [0x12000000, 0x12000000, 0x13b80000)
  from space 3456K,  41% used [0x13b80000, 0x13ce63f8, 0x13ee0000)
  to   space 3456K,   0% used [0x13ee0000, 0x13ee0000, 0x14240000)
 tenured generation   total 70116K, used 52021K [0x20950000, 0x24dc9000, 0x3dc00000)
   the space 70116K,  74% used [0x20950000, 0x23c1d6e0, 0x23c1d800, 0x24dc9000)
 Metaspace       used 57968K, capacity 60144K, committed 60160K, reserved 60800K
}
Event: 691.455 GC heap before
{Heap before GC invocations=297 (full 4):
 def new generation   total 31616K, used 29592K [0x12000000, 0x14240000, 0x20950000)
  eden space 28160K, 100% used [0x12000000, 0x13b80000, 0x13b80000)
  from space 3456K,  41% used [0x13b80000, 0x13ce63f8, 0x13ee0000)
  to   space 3456K,   0% used [0x13ee0000, 0x13ee0000, 0x14240000)
 tenured generation   total 70116K, used 52021K [0x20950000, 0x24dc9000, 0x3dc00000)
   the space 70116K,  74% used [0x20950000, 0x23c1d6e0, 0x23c1d800, 0x24dc9000)
 Metaspace       used 58024K, capacity 60221K, committed 60288K, reserved 60800K
Event: 691.471 GC heap after
Heap after GC invocations=298 (full 4):
 def new generation   total 31616K, used 1715K [0x12000000, 0x14240000, 0x20950000)
  eden space 28160K,   0% used [0x12000000, 0x12000000, 0x13b80000)
  from space 3456K,  49% used [0x13ee0000, 0x1408cf80, 0x14240000)
  to   space 3456K,   0% used [0x13b80000, 0x13b80000, 0x13ee0000)
 tenured generation   total 70116K, used 52022K [0x20950000, 0x24dc9000, 0x3dc00000)
   the space 70116K,  74% used [0x20950000, 0x23c1d8d0, 0x23c1da00, 0x24dc9000)
 Metaspace       used 58024K, capacity 60221K, committed 60288K, reserved 60800K
}

