# JRE version: Java(TM) SE Runtime Environment (8.0_181-b13) (build 1.8.0_181-b13)
# Java VM: Dynamic Code Evolution 64-Bit Server VM (25.71-b01-dcevmlight-26 mixed mode windows-amd64 compressed oops)
Heap:
 def new generation   total 78720K, used 37546K [0x00000006c0200000, 0x00000006c5760000, 0x00000007156a0000)
  eden space 70016K,  47% used [0x00000006c0200000, 0x00000006c2224f88, 0x00000006c4660000)
  from space 8704K,  53% used [0x00000006c4ee0000, 0x00000006c5365b80, 0x00000006c5760000)
  to   space 8704K,   0% used [0x00000006c4660000, 0x00000006c4660000, 0x00000006c4ee0000)
 tenured generation   total 174784K, used 35609K [0x00000007156a0000, 0x0000000720150000, 0x00000007c0000000)
   the space 174784K,  20% used [0x00000007156a0000, 0x0000000717966650, 0x0000000717966800, 0x0000000720150000)
 Metaspace       used 72405K, capacity 78494K, committed 78592K, reserved 1116160K
  class space    used 10569K, capacity 11449K, committed 11520K, reserved 1048576K
GC Heap History (10 events):
Event: 214.635 GC heap before
{Heap before GC invocations=26 (full 3):
 def new generation   total 78720K, used 73957K [0x00000006c0200000, 0x00000006c5760000, 0x00000007156a0000)
  eden space 70016K, 100% used [0x00000006c0200000, 0x00000006c4660000, 0x00000006c4660000)
  from space 8704K,  45% used [0x00000006c4660000, 0x00000006c4a39770, 0x00000006c4ee0000)
  to   space 8704K,   0% used [0x00000006c4ee0000, 0x00000006c4ee0000, 0x00000006c5760000)
 tenured generation   total 174784K, used 33589K [0x00000007156a0000, 0x0000000720150000, 0x00000007c0000000)
   the space 174784K,  19% used [0x00000007156a0000, 0x000000071776d490, 0x000000071776d600, 0x0000000720150000)
 Metaspace       used 69768K, capacity 74406K, committed 74624K, reserved 1114112K
  class space    used 10097K, capacity 10782K, committed 10880K, reserved 1048576K
Event: 214.650 GC heap after
Heap after GC invocations=27 (full 3):
 def new generation   total 78720K, used 6239K [0x00000006c0200000, 0x00000006c5760000, 0x00000007156a0000)
  eden space 70016K,   0% used [0x00000006c0200000, 0x00000006c0200000, 0x00000006c4660000)
  from space 8704K,  71% used [0x00000006c4ee0000, 0x00000006c54f7ce8, 0x00000006c5760000)
  to   space 8704K,   0% used [0x00000006c4660000, 0x00000006c4660000, 0x00000006c4ee0000)
 tenured generation   total 174784K, used 33589K [0x00000007156a0000, 0x0000000720150000, 0x00000007c0000000)
   the space 174784K,  19% used [0x00000007156a0000, 0x000000071776d490, 0x000000071776d600, 0x0000000720150000)
 Metaspace       used 69768K, capacity 74406K, committed 74624K, reserved 1114112K
  class space    used 10097K, capacity 10782K, committed 10880K, reserved 1048576K
}
Event: 215.243 GC heap before
{Heap before GC invocations=27 (full 3):
 def new generation   total 78720K, used 76255K [0x00000006c0200000, 0x00000006c5760000, 0x00000007156a0000)
  eden space 70016K, 100% used [0x00000006c0200000, 0x00000006c4660000, 0x00000006c4660000)
  from space 8704K,  71% used [0x00000006c4ee0000, 0x00000006c54f7ce8, 0x00000006c5760000)
  to   space 8704K,   0% used [0x00000006c4660000, 0x00000006c4660000, 0x00000006c4ee0000)
 tenured generation   total 174784K, used 33589K [0x00000007156a0000, 0x0000000720150000, 0x00000007c0000000)
   the space 174784K,  19% used [0x00000007156a0000, 0x000000071776d490, 0x000000071776d600, 0x0000000720150000)
 Metaspace       used 69808K, capacity 74508K, committed 74624K, reserved 1114112K
  class space    used 10099K, capacity 10815K, committed 10880K, reserved 1048576K
Event: 215.261 GC heap after
Heap after GC invocations=28 (full 3):
 def new generation   total 78720K, used 3598K [0x00000006c0200000, 0x00000006c5760000, 0x00000007156a0000)
  eden space 70016K,   0% used [0x00000006c0200000, 0x00000006c0200000, 0x00000006c4660000)
  from space 8704K,  41% used [0x00000006c4660000, 0x00000006c49e3a48, 0x00000006c4ee0000)
  to   space 8704K,   0% used [0x00000006c4ee0000, 0x00000006c4ee0000, 0x00000006c5760000)
 tenured generation   total 174784K, used 35609K [0x00000007156a0000, 0x0000000720150000, 0x00000007c0000000)
   the space 174784K,  20% used [0x00000007156a0000, 0x0000000717966650, 0x0000000717966800, 0x0000000720150000)
 Metaspace       used 69808K, capacity 74508K, committed 74624K, reserved 1114112K
  class space    used 10099K, capacity 10815K, committed 10880K, reserved 1048576K
}
Event: 215.693 GC heap before
{Heap before GC invocations=28 (full 3):
 def new generation   total 78720K, used 73614K [0x00000006c0200000, 0x00000006c5760000, 0x00000007156a0000)
  eden space 70016K, 100% used [0x00000006c0200000, 0x00000006c4660000, 0x00000006c4660000)
  from space 8704K,  41% used [0x00000006c4660000, 0x00000006c49e3a48, 0x00000006c4ee0000)
  to   space 8704K,   0% used [0x00000006c4ee0000, 0x00000006c4ee0000, 0x00000006c5760000)
 tenured generation   total 174784K, used 35609K [0x00000007156a0000, 0x0000000720150000, 0x00000007c0000000)
   the space 174784K,  20% used [0x00000007156a0000, 0x0000000717966650, 0x0000000717966800, 0x0000000720150000)
 Metaspace       used 69815K, capacity 74508K, committed 74624K, reserved 1114112K
  class space    used 10099K, capacity 10815K, committed 10880K, reserved 1048576K
Event: 215.705 GC heap after
Heap after GC invocations=29 (full 3):
 def new generation   total 78720K, used 3762K [0x00000006c0200000, 0x00000006c5760000, 0x00000007156a0000)
  eden space 70016K,   0% used [0x00000006c0200000, 0x00000006c0200000, 0x00000006c4660000)
  from space 8704K,  43% used [0x00000006c4ee0000, 0x00000006c528ca28, 0x00000006c5760000)
  to   space 8704K,   0% used [0x00000006c4660000, 0x00000006c4660000, 0x00000006c4ee0000)
 tenured generation   total 174784K, used 35609K [0x00000007156a0000, 0x0000000720150000, 0x00000007c0000000)
   the space 174784K,  20% used [0x00000007156a0000, 0x0000000717966650, 0x0000000717966800, 0x0000000720150000)
 Metaspace       used 69815K, capacity 74508K, committed 74624K, reserved 1114112K
  class space    used 10099K, capacity 10815K, committed 10880K, reserved 1048576K
}
Event: 220.193 GC heap before
{Heap before GC invocations=29 (full 3):
 def new generation   total 78720K, used 73778K [0x00000006c0200000, 0x00000006c5760000, 0x00000007156a0000)
  eden space 70016K, 100% used [0x00000006c0200000, 0x00000006c4660000, 0x00000006c4660000)
  from space 8704K,  43% used [0x00000006c4ee0000, 0x00000006c528ca28, 0x00000006c5760000)
  to   space 8704K,   0% used [0x00000006c4660000, 0x00000006c4660000, 0x00000006c4ee0000)
 tenured generation   total 174784K, used 35609K [0x00000007156a0000, 0x0000000720150000, 0x00000007c0000000)
   the space 174784K,  20% used [0x00000007156a0000, 0x0000000717966650, 0x0000000717966800, 0x0000000720150000)
 Metaspace       used 70121K, capacity 74778K, committed 74880K, reserved 1114112K
  class space    used 10145K, capacity 10834K, committed 10880K, reserved 1048576K
Event: 220.203 GC heap after
Heap after GC invocations=30 (full 3):
 def new generation   total 78720K, used 4240K [0x00000006c0200000, 0x00000006c5760000, 0x00000007156a0000)
  eden space 70016K,   0% used [0x00000006c0200000, 0x00000006c0200000, 0x00000006c4660000)
  from space 8704K,  48% used [0x00000006c4660000, 0x00000006c4a842e8, 0x00000006c4ee0000)
  to   space 8704K,   0% used [0x00000006c4ee0000, 0x00000006c4ee0000, 0x00000006c5760000)
 tenured generation   total 174784K, used 35609K [0x00000007156a0000, 0x0000000720150000, 0x00000007c0000000)
   the space 174784K,  20% used [0x00000007156a0000, 0x0000000717966650, 0x0000000717966800, 0x0000000720150000)
 Metaspace       used 70121K, capacity 74778K, committed 74880K, reserved 1114112K
  class space    used 10145K, capacity 10834K, committed 10880K, reserved 1048576K
}
Event: 231.681 GC heap before
{Heap before GC invocations=30 (full 3):
 def new generation   total 78720K, used 74256K [0x00000006c0200000, 0x00000006c5760000, 0x00000007156a0000)
  eden space 70016K, 100% used [0x00000006c0200000, 0x00000006c4660000, 0x00000006c4660000)
  from space 8704K,  48% used [0x00000006c4660000, 0x00000006c4a842e8, 0x00000006c4ee0000)
  to   space 8704K,   0% used [0x00000006c4ee0000, 0x00000006c4ee0000, 0x00000006c5760000)
 tenured generation   total 174784K, used 35609K [0x00000007156a0000, 0x0000000720150000, 0x00000007c0000000)
   the space 174784K,  20% used [0x00000007156a0000, 0x0000000717966650, 0x0000000717966800, 0x0000000720150000)
 Metaspace       used 70798K, capacity 75764K, committed 75776K, reserved 1114112K
  class space    used 10268K, capacity 11005K, committed 11008K, reserved 1048576K
Event: 231.692 GC heap after
Heap after GC invocations=31 (full 3):
 def new generation   total 78720K, used 4630K [0x00000006c0200000, 0x00000006c5760000, 0x00000007156a0000)
  eden space 70016K,   0% used [0x00000006c0200000, 0x00000006c0200000, 0x00000006c4660000)
  from space 8704K,  53% used [0x00000006c4ee0000, 0x00000006c5365b80, 0x00000006c5760000)
  to   space 8704K,   0% used [0x00000006c4660000, 0x00000006c4660000, 0x00000006c4ee0000)
 tenured generation   total 174784K, used 35609K [0x00000007156a0000, 0x0000000720150000, 0x00000007c0000000)
   the space 174784K,  20% used [0x00000007156a0000, 0x0000000717966650, 0x0000000717966800, 0x0000000720150000)
 Metaspace       used 70798K, capacity 75764K, committed 75776K, reserved 1114112K
  class space    used 10268K, capacity 11005K, committed 11008K, reserved 1048576K
}

