# JRE version: Java(TM) SE Runtime Environment (8.0_181-b13) (build 1.8.0_181-b13)
# Java VM: Dynamic Code Evolution Server VM (25.71-b01-dcevmlight-30 mixed mode windows-x86 )
Heap:
 def new generation   total 32768K, used 15950K [0x12600000, 0x14980000, 0x20f50000)
  eden space 29184K,  51% used [0x12600000, 0x134d04e0, 0x14280000)
  from space 3584K,  21% used [0x14280000, 0x143436c8, 0x14600000)
  to   space 3584K,   0% used [0x14600000, 0x14600000, 0x14980000)
 tenured generation   total 72604K, used 53534K [0x20f50000, 0x25637000, 0x3e200000)
   the space 72604K,  73% used [0x20f50000, 0x243979c0, 0x24397a00, 0x25637000)
 Metaspace       used 58836K, capacity 62042K, committed 62080K, reserved 62848K
GC Heap History (10 events):
Event: 241.224 GC heap before
{Heap before GC invocations=273 (full 4):
 def new generation   total 32768K, used 30629K [0x12600000, 0x14980000, 0x20f50000)
  eden space 29184K, 100% used [0x12600000, 0x14280000, 0x14280000)
  from space 3584K,  40% used [0x14600000, 0x14769590, 0x14980000)
  to   space 3584K,   0% used [0x14280000, 0x14280000, 0x14600000)
 tenured generation   total 72604K, used 52573K [0x20f50000, 0x25637000, 0x3e200000)
   the space 72604K,  72% used [0x20f50000, 0x242a77f8, 0x242a7800, 0x25637000)
 Metaspace       used 57897K, capacity 60918K, committed 60928K, reserved 61824K
Event: 241.232 GC heap after
Heap after GC invocations=274 (full 4):
 def new generation   total 32768K, used 1771K [0x12600000, 0x14980000, 0x20f50000)
  eden space 29184K,   0% used [0x12600000, 0x12600000, 0x14280000)
  from space 3584K,  49% used [0x14280000, 0x1443afb0, 0x14600000)
  to   space 3584K,   0% used [0x14600000, 0x14600000, 0x14980000)
 tenured generation   total 72604K, used 52573K [0x20f50000, 0x25637000, 0x3e200000)
   the space 72604K,  72% used [0x20f50000, 0x242a77f8, 0x242a7800, 0x25637000)
 Metaspace       used 57897K, capacity 60918K, committed 60928K, reserved 61824K
}
Event: 242.156 GC heap before
{Heap before GC invocations=274 (full 4):
 def new generation   total 32768K, used 30955K [0x12600000, 0x14980000, 0x20f50000)
  eden space 29184K, 100% used [0x12600000, 0x14280000, 0x14280000)
  from space 3584K,  49% used [0x14280000, 0x1443afb0, 0x14600000)
  to   space 3584K,   0% used [0x14600000, 0x14600000, 0x14980000)
 tenured generation   total 72604K, used 52573K [0x20f50000, 0x25637000, 0x3e200000)
   the space 72604K,  72% used [0x20f50000, 0x242a77f8, 0x242a7800, 0x25637000)
 Metaspace       used 58305K, capacity 61426K, committed 61440K, reserved 61824K
Event: 242.166 GC heap after
Heap after GC invocations=275 (full 4):
 def new generation   total 32768K, used 2631K [0x12600000, 0x14980000, 0x20f50000)
  eden space 29184K,   0% used [0x12600000, 0x12600000, 0x14280000)
  from space 3584K,  73% used [0x14600000, 0x14891d18, 0x14980000)
  to   space 3584K,   0% used [0x14280000, 0x14280000, 0x14600000)
 tenured generation   total 72604K, used 52573K [0x20f50000, 0x25637000, 0x3e200000)
   the space 72604K,  72% used [0x20f50000, 0x242a77f8, 0x242a7800, 0x25637000)
 Metaspace       used 58305K, capacity 61426K, committed 61440K, reserved 61824K
}
Event: 279.108 GC heap before
{Heap before GC invocations=275 (full 4):
 def new generation   total 32768K, used 31815K [0x12600000, 0x14980000, 0x20f50000)
  eden space 29184K, 100% used [0x12600000, 0x14280000, 0x14280000)
  from space 3584K,  73% used [0x14600000, 0x14891d18, 0x14980000)
  to   space 3584K,   0% used [0x14280000, 0x14280000, 0x14600000)
 tenured generation   total 72604K, used 52573K [0x20f50000, 0x25637000, 0x3e200000)
   the space 72604K,  72% used [0x20f50000, 0x242a77f8, 0x242a7800, 0x25637000)
 Metaspace       used 58602K, capacity 61772K, committed 61824K, reserved 61824K
Event: 279.117 GC heap after
Heap after GC invocations=276 (full 4):
 def new generation   total 32768K, used 916K [0x12600000, 0x14980000, 0x20f50000)
  eden space 29184K,   0% used [0x12600000, 0x12600000, 0x14280000)
  from space 3584K,  25% used [0x14280000, 0x14365380, 0x14600000)
  to   space 3584K,   0% used [0x14600000, 0x14600000, 0x14980000)
 tenured generation   total 72604K, used 53534K [0x20f50000, 0x25637000, 0x3e200000)
   the space 72604K,  73% used [0x20f50000, 0x243979c0, 0x24397a00, 0x25637000)
 Metaspace       used 58602K, capacity 61772K, committed 61824K, reserved 61824K
}
Event: 279.315 GC heap before
{Heap before GC invocations=276 (full 4):
 def new generation   total 32768K, used 30100K [0x12600000, 0x14980000, 0x20f50000)
  eden space 29184K, 100% used [0x12600000, 0x14280000, 0x14280000)
  from space 3584K,  25% used [0x14280000, 0x14365380, 0x14600000)
  to   space 3584K,   0% used [0x14600000, 0x14600000, 0x14980000)
 tenured generation   total 72604K, used 53534K [0x20f50000, 0x25637000, 0x3e200000)
   the space 72604K,  73% used [0x20f50000, 0x243979c0, 0x24397a00, 0x25637000)
 Metaspace       used 58642K, capacity 61832K, committed 61952K, reserved 62848K
Event: 279.321 GC heap after
Heap after GC invocations=277 (full 4):
 def new generation   total 32768K, used 911K [0x12600000, 0x14980000, 0x20f50000)
  eden space 29184K,   0% used [0x12600000, 0x12600000, 0x14280000)
  from space 3584K,  25% used [0x14600000, 0x146e3fa0, 0x14980000)
  to   space 3584K,   0% used [0x14280000, 0x14280000, 0x14600000)
 tenured generation   total 72604K, used 53534K [0x20f50000, 0x25637000, 0x3e200000)
   the space 72604K,  73% used [0x20f50000, 0x243979c0, 0x24397a00, 0x25637000)
 Metaspace       used 58642K, capacity 61832K, committed 61952K, reserved 62848K
}
Event: 373.678 GC heap before
{Heap before GC invocations=277 (full 4):
 def new generation   total 32768K, used 30095K [0x12600000, 0x14980000, 0x20f50000)
  eden space 29184K, 100% used [0x12600000, 0x14280000, 0x14280000)
  from space 3584K,  25% used [0x14600000, 0x146e3fa0, 0x14980000)
  to   space 3584K,   0% used [0x14280000, 0x14280000, 0x14600000)
 tenured generation   total 72604K, used 53534K [0x20f50000, 0x25637000, 0x3e200000)
   the space 72604K,  73% used [0x20f50000, 0x243979c0, 0x24397a00, 0x25637000)
 Metaspace       used 58712K, capacity 61901K, committed 61952K, reserved 62848K
Event: 373.690 GC heap after
Heap after GC invocations=278 (full 4):
 def new generation   total 32768K, used 781K [0x12600000, 0x14980000, 0x20f50000)
  eden space 29184K,   0% used [0x12600000, 0x12600000, 0x14280000)
  from space 3584K,  21% used [0x14280000, 0x143436c8, 0x14600000)
  to   space 3584K,   0% used [0x14600000, 0x14600000, 0x14980000)
 tenured generation   total 72604K, used 53534K [0x20f50000, 0x25637000, 0x3e200000)
   the space 72604K,  73% used [0x20f50000, 0x243979c0, 0x24397a00, 0x25637000)
 Metaspace       used 58712K, capacity 61901K, committed 61952K, reserved 62848K
}

