# JRE version: Java(TM) SE Runtime Environment (8.0_181-b13) (build 1.8.0_181-b13)
# Java VM: Dynamic Code Evolution Server VM (25.71-b01-dcevmlight-30 mixed mode windows-x86 )
Heap:
 def new generation   total 28672K, used 14594K [0x11800000, 0x13710000, 0x20150000)
  eden space 25536K,  53% used [0x11800000, 0x1254b058, 0x130f0000)
  from space 3136K,  31% used [0x13400000, 0x134f5950, 0x13710000)
  to   space 3136K,   0% used [0x130f0000, 0x130f0000, 0x13400000)
 tenured generation   total 63592K, used 40693K [0x20150000, 0x23f6a000, 0x3d400000)
   the space 63592K,  63% used [0x20150000, 0x2290d5d0, 0x2290d600, 0x23f6a000)
 Metaspace       used 57449K, capacity 59618K, committed 59648K, reserved 59776K
GC Heap History (10 events):
Event: 75.584 GC heap before
{Heap before GC invocations=278 (full 4):
 def new generation   total 28672K, used 25890K [0x11800000, 0x13710000, 0x20150000)
  eden space 25536K, 100% used [0x11800000, 0x130f0000, 0x130f0000)
  from space 3136K,  11% used [0x130f0000, 0x13148840, 0x13400000)
  to   space 3136K,   0% used [0x13400000, 0x13400000, 0x13710000)
 tenured generation   total 63592K, used 40693K [0x20150000, 0x23f6a000, 0x3d400000)
   the space 63592K,  63% used [0x20150000, 0x2290d5d0, 0x2290d600, 0x23f6a000)
 Metaspace       used 57198K, capacity 59342K, committed 59392K, reserved 59776K
Event: 75.590 GC heap after
Heap after GC invocations=279 (full 4):
 def new generation   total 28672K, used 825K [0x11800000, 0x13710000, 0x20150000)
  eden space 25536K,   0% used [0x11800000, 0x11800000, 0x130f0000)
  from space 3136K,  26% used [0x13400000, 0x134ce520, 0x13710000)
  to   space 3136K,   0% used [0x130f0000, 0x130f0000, 0x13400000)
 tenured generation   total 63592K, used 40693K [0x20150000, 0x23f6a000, 0x3d400000)
   the space 63592K,  63% used [0x20150000, 0x2290d5d0, 0x2290d600, 0x23f6a000)
 Metaspace       used 57198K, capacity 59342K, committed 59392K, reserved 59776K
}
Event: 85.041 GC heap before
{Heap before GC invocations=279 (full 4):
 def new generation   total 28672K, used 26361K [0x11800000, 0x13710000, 0x20150000)
  eden space 25536K, 100% used [0x11800000, 0x130f0000, 0x130f0000)
  from space 3136K,  26% used [0x13400000, 0x134ce520, 0x13710000)
  to   space 3136K,   0% used [0x130f0000, 0x130f0000, 0x13400000)
 tenured generation   total 63592K, used 40693K [0x20150000, 0x23f6a000, 0x3d400000)
   the space 63592K,  63% used [0x20150000, 0x2290d5d0, 0x2290d600, 0x23f6a000)
 Metaspace       used 57261K, capacity 59406K, committed 59520K, reserved 59776K
Event: 85.047 GC heap after
Heap after GC invocations=280 (full 4):
 def new generation   total 28672K, used 752K [0x11800000, 0x13710000, 0x20150000)
  eden space 25536K,   0% used [0x11800000, 0x11800000, 0x130f0000)
  from space 3136K,  23% used [0x130f0000, 0x131ac020, 0x13400000)
  to   space 3136K,   0% used [0x13400000, 0x13400000, 0x13710000)
 tenured generation   total 63592K, used 40693K [0x20150000, 0x23f6a000, 0x3d400000)
   the space 63592K,  63% used [0x20150000, 0x2290d5d0, 0x2290d600, 0x23f6a000)
 Metaspace       used 57261K, capacity 59406K, committed 59520K, reserved 59776K
}
Event: 85.159 GC heap before
{Heap before GC invocations=280 (full 4):
 def new generation   total 28672K, used 26288K [0x11800000, 0x13710000, 0x20150000)
  eden space 25536K, 100% used [0x11800000, 0x130f0000, 0x130f0000)
  from space 3136K,  23% used [0x130f0000, 0x131ac020, 0x13400000)
  to   space 3136K,   0% used [0x13400000, 0x13400000, 0x13710000)
 tenured generation   total 63592K, used 40693K [0x20150000, 0x23f6a000, 0x3d400000)
   the space 63592K,  63% used [0x20150000, 0x2290d5d0, 0x2290d600, 0x23f6a000)
 Metaspace       used 57280K, capacity 59406K, committed 59520K, reserved 59776K
Event: 85.167 GC heap after
Heap after GC invocations=281 (full 4):
 def new generation   total 28672K, used 1449K [0x11800000, 0x13710000, 0x20150000)
  eden space 25536K,   0% used [0x11800000, 0x11800000, 0x130f0000)
  from space 3136K,  46% used [0x13400000, 0x1356a4d8, 0x13710000)
  to   space 3136K,   0% used [0x130f0000, 0x130f0000, 0x13400000)
 tenured generation   total 63592K, used 40693K [0x20150000, 0x23f6a000, 0x3d400000)
   the space 63592K,  63% used [0x20150000, 0x2290d5d0, 0x2290d600, 0x23f6a000)
 Metaspace       used 57280K, capacity 59406K, committed 59520K, reserved 59776K
}
Event: 285.311 GC heap before
{Heap before GC invocations=281 (full 4):
 def new generation   total 28672K, used 26985K [0x11800000, 0x13710000, 0x20150000)
  eden space 25536K, 100% used [0x11800000, 0x130f0000, 0x130f0000)
  from space 3136K,  46% used [0x13400000, 0x1356a4d8, 0x13710000)
  to   space 3136K,   0% used [0x130f0000, 0x130f0000, 0x13400000)
 tenured generation   total 63592K, used 40693K [0x20150000, 0x23f6a000, 0x3d400000)
   the space 63592K,  63% used [0x20150000, 0x2290d5d0, 0x2290d600, 0x23f6a000)
 Metaspace       used 57296K, capacity 59445K, committed 59520K, reserved 59776K
Event: 285.319 GC heap after
Heap after GC invocations=282 (full 4):
 def new generation   total 28672K, used 994K [0x11800000, 0x13710000, 0x20150000)
  eden space 25536K,   0% used [0x11800000, 0x11800000, 0x130f0000)
  from space 3136K,  31% used [0x130f0000, 0x131e8b40, 0x13400000)
  to   space 3136K,   0% used [0x13400000, 0x13400000, 0x13710000)
 tenured generation   total 63592K, used 40693K [0x20150000, 0x23f6a000, 0x3d400000)
   the space 63592K,  63% used [0x20150000, 0x2290d5d0, 0x2290d600, 0x23f6a000)
 Metaspace       used 57296K, capacity 59445K, committed 59520K, reserved 59776K
}
Event: 684.943 GC heap before
{Heap before GC invocations=282 (full 4):
 def new generation   total 28672K, used 26530K [0x11800000, 0x13710000, 0x20150000)
  eden space 25536K, 100% used [0x11800000, 0x130f0000, 0x130f0000)
  from space 3136K,  31% used [0x130f0000, 0x131e8b40, 0x13400000)
  to   space 3136K,   0% used [0x13400000, 0x13400000, 0x13710000)
 tenured generation   total 63592K, used 40693K [0x20150000, 0x23f6a000, 0x3d400000)
   the space 63592K,  63% used [0x20150000, 0x2290d5d0, 0x2290d600, 0x23f6a000)
 Metaspace       used 57305K, capacity 59445K, committed 59520K, reserved 59776K
Event: 684.952 GC heap after
Heap after GC invocations=283 (full 4):
 def new generation   total 28672K, used 982K [0x11800000, 0x13710000, 0x20150000)
  eden space 25536K,   0% used [0x11800000, 0x11800000, 0x130f0000)
  from space 3136K,  31% used [0x13400000, 0x134f5950, 0x13710000)
  to   space 3136K,   0% used [0x130f0000, 0x130f0000, 0x13400000)
 tenured generation   total 63592K, used 40693K [0x20150000, 0x23f6a000, 0x3d400000)
   the space 63592K,  63% used [0x20150000, 0x2290d5d0, 0x2290d600, 0x23f6a000)
 Metaspace       used 57305K, capacity 59445K, committed 59520K, reserved 59776K
}

