# JRE version: Java(TM) SE Runtime Environment (8.0_181-b13) (build 1.8.0_181-b13)
# Java VM: Dynamic Code Evolution Server VM (25.71-b01-dcevmlight-30 mixed mode windows-x86 )
Heap:
 def new generation   total 32512K, used 14430K [0x12000000, 0x14340000, 0x20950000)
  eden space 28928K,  47% used [0x12000000, 0x12d7c268, 0x13c40000)
  from space 3584K,  17% used [0x13c40000, 0x13cdb8d0, 0x13fc0000)
  to   space 3584K,   0% used [0x13fc0000, 0x13fc0000, 0x14340000)
 tenured generation   total 72148K, used 46016K [0x20950000, 0x24fc5000, 0x3dc00000)
   the space 72148K,  63% used [0x20950000, 0x236403d8, 0x23640400, 0x24fc5000)
 Metaspace       used 53585K, capacity 55359K, committed 55424K, reserved 55680K
GC Heap History (10 events):
Event: 184.251 GC heap before
{Heap before GC invocations=249 (full 4):
 def new generation   total 32512K, used 31417K [0x12000000, 0x14340000, 0x20950000)
  eden space 28928K, 100% used [0x12000000, 0x13c40000, 0x13c40000)
  from space 3584K,  69% used [0x13fc0000, 0x1422e5a8, 0x14340000)
  to   space 3584K,   0% used [0x13c40000, 0x13c40000, 0x13fc0000)
 tenured generation   total 72148K, used 44531K [0x20950000, 0x24fc5000, 0x3dc00000)
   the space 72148K,  61% used [0x20950000, 0x234cce28, 0x234cd000, 0x24fc5000)
 Metaspace       used 53228K, capacity 55029K, committed 55040K, reserved 55680K
Event: 184.259 GC heap after
Heap after GC invocations=250 (full 4):
 def new generation   total 32512K, used 1953K [0x12000000, 0x14340000, 0x20950000)
  eden space 28928K,   0% used [0x12000000, 0x12000000, 0x13c40000)
  from space 3584K,  54% used [0x13c40000, 0x13e28570, 0x13fc0000)
  to   space 3584K,   0% used [0x13fc0000, 0x13fc0000, 0x14340000)
 tenured generation   total 72148K, used 45868K [0x20950000, 0x24fc5000, 0x3dc00000)
   the space 72148K,  63% used [0x20950000, 0x2361b378, 0x2361b400, 0x24fc5000)
 Metaspace       used 53228K, capacity 55029K, committed 55040K, reserved 55680K
}
Event: 430.282 GC heap before
{Heap before GC invocations=250 (full 4):
 def new generation   total 32512K, used 30881K [0x12000000, 0x14340000, 0x20950000)
  eden space 28928K, 100% used [0x12000000, 0x13c40000, 0x13c40000)
  from space 3584K,  54% used [0x13c40000, 0x13e28570, 0x13fc0000)
  to   space 3584K,   0% used [0x13fc0000, 0x13fc0000, 0x14340000)
 tenured generation   total 72148K, used 45868K [0x20950000, 0x24fc5000, 0x3dc00000)
   the space 72148K,  63% used [0x20950000, 0x2361b378, 0x2361b400, 0x24fc5000)
 Metaspace       used 53338K, capacity 55093K, committed 55168K, reserved 55680K
Event: 430.290 GC heap after
Heap after GC invocations=251 (full 4):
 def new generation   total 32512K, used 301K [0x12000000, 0x14340000, 0x20950000)
  eden space 28928K,   0% used [0x12000000, 0x12000000, 0x13c40000)
  from space 3584K,   8% used [0x13fc0000, 0x1400b738, 0x14340000)
  to   space 3584K,   0% used [0x13c40000, 0x13c40000, 0x13fc0000)
 tenured generation   total 72148K, used 46016K [0x20950000, 0x24fc5000, 0x3dc00000)
   the space 72148K,  63% used [0x20950000, 0x236403d8, 0x23640400, 0x24fc5000)
 Metaspace       used 53338K, capacity 55093K, committed 55168K, reserved 55680K
}
Event: 430.440 GC heap before
{Heap before GC invocations=251 (full 4):
 def new generation   total 32512K, used 29229K [0x12000000, 0x14340000, 0x20950000)
  eden space 28928K, 100% used [0x12000000, 0x13c40000, 0x13c40000)
  from space 3584K,   8% used [0x13fc0000, 0x1400b738, 0x14340000)
  to   space 3584K,   0% used [0x13c40000, 0x13c40000, 0x13fc0000)
 tenured generation   total 72148K, used 46016K [0x20950000, 0x24fc5000, 0x3dc00000)
   the space 72148K,  63% used [0x20950000, 0x236403d8, 0x23640400, 0x24fc5000)
 Metaspace       used 53338K, capacity 55093K, committed 55168K, reserved 55680K
Event: 430.444 GC heap after
Heap after GC invocations=252 (full 4):
 def new generation   total 32512K, used 487K [0x12000000, 0x14340000, 0x20950000)
  eden space 28928K,   0% used [0x12000000, 0x12000000, 0x13c40000)
  from space 3584K,  13% used [0x13c40000, 0x13cb9cf8, 0x13fc0000)
  to   space 3584K,   0% used [0x13fc0000, 0x13fc0000, 0x14340000)
 tenured generation   total 72148K, used 46016K [0x20950000, 0x24fc5000, 0x3dc00000)
   the space 72148K,  63% used [0x20950000, 0x236403d8, 0x23640400, 0x24fc5000)
 Metaspace       used 53338K, capacity 55093K, committed 55168K, reserved 55680K
}
Event: 430.531 GC heap before
{Heap before GC invocations=252 (full 4):
 def new generation   total 32512K, used 29415K [0x12000000, 0x14340000, 0x20950000)
  eden space 28928K, 100% used [0x12000000, 0x13c40000, 0x13c40000)
  from space 3584K,  13% used [0x13c40000, 0x13cb9cf8, 0x13fc0000)
  to   space 3584K,   0% used [0x13fc0000, 0x13fc0000, 0x14340000)
 tenured generation   total 72148K, used 46016K [0x20950000, 0x24fc5000, 0x3dc00000)
   the space 72148K,  63% used [0x20950000, 0x236403d8, 0x23640400, 0x24fc5000)
 Metaspace       used 53339K, capacity 55093K, committed 55168K, reserved 55680K
Event: 430.539 GC heap after
Heap after GC invocations=253 (full 4):
 def new generation   total 32512K, used 490K [0x12000000, 0x14340000, 0x20950000)
  eden space 28928K,   0% used [0x12000000, 0x12000000, 0x13c40000)
  from space 3584K,  13% used [0x13fc0000, 0x1403aa10, 0x14340000)
  to   space 3584K,   0% used [0x13c40000, 0x13c40000, 0x13fc0000)
 tenured generation   total 72148K, used 46016K [0x20950000, 0x24fc5000, 0x3dc00000)
   the space 72148K,  63% used [0x20950000, 0x236403d8, 0x23640400, 0x24fc5000)
 Metaspace       used 53339K, capacity 55093K, committed 55168K, reserved 55680K
}
Event: 431.688 GC heap before
{Heap before GC invocations=253 (full 4):
 def new generation   total 32512K, used 29411K [0x12000000, 0x14340000, 0x20950000)
  eden space 28928K,  99% used [0x12000000, 0x13c3e358, 0x13c40000)
  from space 3584K,  13% used [0x13fc0000, 0x1403aa10, 0x14340000)
  to   space 3584K,   0% used [0x13c40000, 0x13c40000, 0x13fc0000)
 tenured generation   total 72148K, used 46016K [0x20950000, 0x24fc5000, 0x3dc00000)
   the space 72148K,  63% used [0x20950000, 0x236403d8, 0x23640400, 0x24fc5000)
 Metaspace       used 53346K, capacity 55093K, committed 55168K, reserved 55680K
Event: 431.693 GC heap after
Heap after GC invocations=254 (full 4):
 def new generation   total 32512K, used 622K [0x12000000, 0x14340000, 0x20950000)
  eden space 28928K,   0% used [0x12000000, 0x12000000, 0x13c40000)
  from space 3584K,  17% used [0x13c40000, 0x13cdb8d0, 0x13fc0000)
  to   space 3584K,   0% used [0x13fc0000, 0x13fc0000, 0x14340000)
 tenured generation   total 72148K, used 46016K [0x20950000, 0x24fc5000, 0x3dc00000)
   the space 72148K,  63% used [0x20950000, 0x236403d8, 0x23640400, 0x24fc5000)
 Metaspace       used 53346K, capacity 55093K, committed 55168K, reserved 55680K
}

